2020-08-22 02:21:38.988  INFO 19068 --- [main] lavalink.server.Launcher                 : 

[32m       .  [31m _                  _ _       _    [32m__ _ _
[32m      /\\ [31m| | __ ___   ____ _| (_)_ __ | | __[32m\ \ \ \
[32m     ( ( )[31m| |/ _` \ \ / / _` | | | '_ \| |/ /[32m \ \ \ \
[32m      \\/ [31m| | (_| |\ V / (_| | | | | | |   < [32m  ) ) ) )
[32m       '  [31m|_|\__,_| \_/ \__,_|_|_|_| |_|_|\_\[32m / / / /
[0m    =========================================[32m/_/_/_/[0m

	Version:        3.3.1.1
	Build:          1075
	Build time:     13.07.2020 09:09:23 UTC
	Branch          master
	Commit:         f6a1a2a
	Commit time:    13.07.2020 09:04:37 UTC
	JVM:            11.0.8
	Lavaplayer      1.3.50

2020-08-22 02:21:39.911  INFO 19068 --- [main] lavalink.server.Launcher                 : Starting Launcher on arthur-530U3C-530U4C-532U3C with PID 19068 (/home/arthur/Ãrea de Trabalho/Asuna-Bot-Discord/Lavalink.jar started by arthur in /home/arthur/Ãrea de Trabalho/Asuna-Bot-Discord)
2020-08-22 02:21:39.915  INFO 19068 --- [main] lavalink.server.Launcher                 : No active profile set, falling back to default profiles: default
2020-08-22 02:21:40.308  WARN 19068 --- [background-preinit] o.s.h.c.j.Jackson2ObjectMapperBuilder    : For Jackson Kotlin classes support please add "com.fasterxml.jackson.module:jackson-module-kotlin" to the classpath
2020-08-22 02:21:43.738  WARN 19068 --- [main] io.undertow.websockets.jsr               : UT026010: Buffer pool was not set on WebSocketDeploymentInfo, the default pool will be used
2020-08-22 02:21:43.850  INFO 19068 --- [main] io.undertow.servlet                      : Initializing Spring embedded WebApplicationContext
2020-08-22 02:21:43.851  INFO 19068 --- [main] o.s.web.context.ContextLoader            : Root WebApplicationContext: initialization completed in 3661 ms
2020-08-22 02:21:44.867  WARN 19068 --- [main] l.server.config.SentryConfiguration      : Turning off sentry
2020-08-22 02:21:44.975  INFO 19068 --- [main] l.s.c.AudioSendFactoryConfiguration      : OS: Linux, Arch: amd64
2020-08-22 02:21:44.977  INFO 19068 --- [main] l.s.c.AudioSendFactoryConfiguration      : JDA-NAS supported system detected. Enabled native audio sending.
2020-08-22 02:21:44.979  INFO 19068 --- [main] l.s.c.AudioSendFactoryConfiguration      : Setting buffer to 400ms
2020-08-22 02:21:44.983  INFO 19068 --- [main] l.s.c.AudioSendFactoryConfiguration      : Setting playlist load limit to 6
2020-08-22 02:21:46.582  INFO 19068 --- [main] c.s.d.l.tools.GarbageCollectionMonitor   : GC monitoring enabled, reporting results every 2 minutes.
2020-08-22 02:21:47.591  INFO 19068 --- [main] o.s.s.concurrent.ThreadPoolTaskExecutor  : Initializing ExecutorService 'applicationTaskExecutor'
2020-08-22 02:21:48.387  INFO 19068 --- [main] org.xnio                                 : XNIO version 3.3.8.Final
2020-08-22 02:21:48.417  INFO 19068 --- [main] org.xnio.nio                             : XNIO NIO Implementation Version 3.3.8.Final
2020-08-22 02:21:48.696  INFO 19068 --- [main] o.s.b.w.e.u.UndertowServletWebServer     : Undertow started on port(s) 2333 (http) with context path ''
2020-08-22 02:21:48.721  INFO 19068 --- [main] lavalink.server.Launcher                 : Started Launcher in 12.554 seconds (JVM running for 18.455)
2020-08-22 02:22:00.009  INFO 19068 --- [XNIO-1 task-1] io.undertow.servlet                      : Initializing Spring DispatcherServlet 'dispatcherServlet'
2020-08-22 02:22:00.009  INFO 19068 --- [XNIO-1 task-1] o.s.web.servlet.DispatcherServlet        : Initializing Servlet 'dispatcherServlet'
2020-08-22 02:22:00.023  INFO 19068 --- [XNIO-1 task-1] o.s.web.servlet.DispatcherServlet        : Completed initialization in 13 ms
2020-08-22 02:22:00.072  INFO 19068 --- [XNIO-1 task-1] l.server.io.HandshakeInterceptorImpl     : Incoming connection from /127.0.0.1:43804
2020-08-22 02:22:00.542  INFO 19068 --- [XNIO-1 task-1] lavalink.server.io.SocketServer          : Connection successfully established from /127.0.0.1:43804
2020-08-22 02:24:13.843  INFO 19068 --- [XNIO-1 I/O-4] lavalink.server.io.SocketServer          : Connection closed from /127.0.0.1:43804 -- CloseStatus[code=1006, reason=]
2020-08-22 02:24:13.900  INFO 19068 --- [XNIO-1 I/O-4] lavalink.server.io.SocketContext         : Shutting down 0 playing players.
2020-08-22 02:24:26.325  INFO 19068 --- [XNIO-1 task-2] l.server.io.HandshakeInterceptorImpl     : Incoming connection from /127.0.0.1:43834
2020-08-22 02:24:26.402  INFO 19068 --- [XNIO-1 task-2] lavalink.server.io.SocketServer          : Connection successfully established from /127.0.0.1:43834
2020-08-22 02:25:35.419  INFO 19068 --- [XNIO-1 I/O-2] lavalink.server.io.SocketServer          : Connection closed from /127.0.0.1:43834 -- CloseStatus[code=1006, reason=]
2020-08-22 02:25:35.420  INFO 19068 --- [XNIO-1 I/O-2] lavalink.server.io.SocketContext         : Shutting down 0 playing players.
2020-08-22 02:25:46.136  INFO 19068 --- [XNIO-1 task-3] l.server.io.HandshakeInterceptorImpl     : Incoming connection from /127.0.0.1:43846
2020-08-22 02:25:46.145  INFO 19068 --- [XNIO-1 task-3] lavalink.server.io.SocketServer          : Connection successfully established from /127.0.0.1:43846
